<?xml version="1.0" encoding="UTF-8"?>
<!-- Generated by org.testng.reporters.JUnitReportReporter -->
<testsuite hostname="LAPTOP-BH9IM1PN" failures="0" tests="1" name="package1.LoginTest" time="3.739" errors="0" timestamp="2023-11-24T08:33:20 IST" skipped="0">
  <testcase classname="package1.LoginTest" name="login" time="3.739"/>
</testsuite> <!-- package1.LoginTest -->
