<?xml version="1.0" encoding="UTF-8"?>
<!-- Generated by org.testng.reporters.JUnitReportReporter -->
<testsuite hostname="LAPTOP-BH9IM1PN" failures="0" tests="2" name="package1.Test1" time="0.012" errors="0" timestamp="2023-11-27T14:02:37 IST" skipped="0">
  <testcase classname="package1.Test1" name="m1" time="0.011"/>
  <system-out/>
  <testcase classname="package1.Test1" name="m2" time="0.001"/>
  <system-out/>
</testsuite> <!-- package1.Test1 -->
