<?xml version="1.0" encoding="UTF-8"?>
<!-- Generated by org.testng.reporters.JUnitReportReporter -->
<testsuite hostname="LAPTOP-BH9IM1PN" failures="0" tests="2" name="package2.Test1" time="0.003" errors="0" timestamp="2023-11-27T12:59:42 IST" skipped="0">
  <testcase classname="package2.Test1" name="m2" time="0.002"/>
  <system-out/>
  <testcase classname="package2.Test1" name="m1" time="0.001"/>
  <system-out/>
</testsuite> <!-- package2.Test1 -->
