<?xml version="1.0" encoding="UTF-8"?>
<!-- Generated by org.testng.reporters.JUnitReportReporter -->
<testsuite hostname="LAPTOP-BH9IM1PN" failures="0" tests="1" name="package1.loginTest" time="4.744" errors="0" timestamp="2023-11-24T13:57:42 IST" skipped="0">
  <testcase classname="package1.loginTest" name="smokeTest" time="4.744"/>
</testsuite> <!-- package1.loginTest -->
