<?xml version="1.0" encoding="UTF-8"?>
<!-- Generated by org.testng.reporters.JUnitReportReporter -->
<testsuite hostname="LAPTOP-BH9IM1PN" failures="0" tests="3" name="package1.secondTest" time="0.001" errors="0" timestamp="2023-11-25T17:34:59 IST" skipped="0">
  <testcase classname="package1.secondTest" name="test3" time="0.000"/>
  <testcase classname="package1.secondTest" name="test1" time="0.000"/>
  <testcase classname="package1.secondTest" name="test2" time="0.001"/>
</testsuite> <!-- package1.secondTest -->
