<?xml version="1.0" encoding="UTF-8"?>
<!-- Generated by org.testng.reporters.JUnitReportReporter -->
<testsuite hostname="LAPTOP-BH9IM1PN" failures="0" tests="3" name="package1.firstTest" time="0.008" errors="0" timestamp="2023-11-25T17:34:59 IST" skipped="0">
  <testcase classname="package1.firstTest" name="test2" time="0.001"/>
  <testcase classname="package1.firstTest" name="test1" time="0.007"/>
  <testcase classname="package1.firstTest" name="test3" time="0.000"/>
</testsuite> <!-- package1.firstTest -->
