<?xml version="1.0" encoding="UTF-8"?>
<!-- Generated by org.testng.reporters.JUnitReportReporter -->
<testsuite hostname="LAPTOP-BH9IM1PN" failures="0" tests="1" name="com.qa.automation.TestCase1" time="0.006" errors="0" timestamp="2023-11-26T07:37:54 IST" skipped="0">
  <testcase classname="com.qa.automation.TestCase1" name="test1" time="0.006"/>
</testsuite> <!-- com.qa.automation.TestCase1 -->
