<?xml version="1.0" encoding="UTF-8"?>
<!-- Generated by org.testng.reporters.JUnitReportReporter -->
<testsuite hostname="LAPTOP-BH9IM1PN" failures="0" tests="4" name="package1.loginTest" time="16.804" errors="0" timestamp="2023-12-01T11:32:39 IST" skipped="0">
  <testcase classname="package1.loginTest" name="login" time="4.731"/>
  <system-out/>
  <testcase classname="package1.loginTest" name="regressionTest" time="2.960"/>
  <system-out/>
  <testcase classname="package1.loginTest" name="smokeTest" time="4.262"/>
  <system-out/>
  <testcase classname="package1.loginTest" name="sanityTest" time="4.851"/>
  <system-out/>
</testsuite> <!-- package1.loginTest -->
