<?xml version="1.0" encoding="UTF-8"?>
<!-- Generated by org.testng.reporters.JUnitReportReporter -->
<testsuite hostname="LAPTOP-BH9IM1PN" failures="0" tests="2" name="test.testcase2" time="129.860" errors="0" timestamp="2023-11-18T13:40:49 IST" skipped="0">
  <testcase classname="test.testcase2" name="firefoxBrowserTest2" time="64.475"/>
  <testcase classname="test.testcase2" name="firefoxBrowserTest1" time="65.385"/>
</testsuite> <!-- test.testcase2 -->
