<?xml version="1.0" encoding="UTF-8"?>
<!-- Generated by org.testng.reporters.JUnitReportReporter -->
<testsuite hostname="LAPTOP-BH9IM1PN" failures="0" tests="1" name="package1.testcase3" time="0.000" errors="0" timestamp="2023-11-27T07:45:05 IST" skipped="0">
  <testcase classname="package1.testcase3" name="m3" time="0.000"/>
</testsuite> <!-- package1.testcase3 -->
