<?xml version="1.0" encoding="UTF-8"?>
<!-- Generated by org.testng.reporters.JUnitReportReporter -->
<testsuite hostname="LAPTOP-BH9IM1PN" failures="0" tests="1" name="package2.testcase4" time="0.000" errors="0" timestamp="2023-11-27T07:46:11 IST" skipped="0">
  <testcase classname="package2.testcase4" name="m2" time="0.000"/>
</testsuite> <!-- package2.testcase4 -->
