<?xml version="1.0" encoding="UTF-8"?>
<!-- Generated by org.testng.reporters.JUnitReportReporter -->
<testsuite hostname="LAPTOP-BH9IM1PN" failures="0" tests="2" name="package1.Test1" time="0.009" errors="0" timestamp="2023-11-28T08:32:52 IST" skipped="0">
  <testcase classname="package1.Test1" name="m2" time="0.004"/>
  <system-out/>
  <testcase classname="package1.Test1" name="m1" time="0.005"/>
  <system-out/>
</testsuite> <!-- package1.Test1 -->
