<?xml version="1.0" encoding="UTF-8"?>
<!-- Generated by org.testng.reporters.JUnitReportReporter -->
<testsuite hostname="LAPTOP-BH9IM1PN" failures="0" tests="1" name="pages_main.page6" time="0.013" errors="0" timestamp="2023-11-26T11:01:36 IST" skipped="0">
  <testcase classname="pages_main.page6" name="m6" time="0.013"/>
</testsuite> <!-- pages_main.page6 -->
