<?xml version="1.0" encoding="UTF-8"?>
<!-- Generated by org.testng.reporters.JUnitReportReporter -->
<testsuite hostname="LAPTOP-BH9IM1PN" failures="0" tests="4" name="test.testcase1" time="39.397" errors="0" timestamp="2023-11-27T07:28:06 IST" skipped="0">
  <testcase classname="test.testcase1" name="firefoxBrowserTest2" time="11.243"/>
  <testcase classname="test.testcase1" name="firefoxBrowserTest1" time="10.124"/>
  <testcase classname="test.testcase1" name="Reg_Test1" time="8.936"/>
  <testcase classname="test.testcase1" name="chromeBrowserTest2" time="9.094"/>
</testsuite> <!-- test.testcase1 -->
