<?xml version="1.0" encoding="UTF-8"?>
<!-- Generated by org.testng.reporters.JUnitReportReporter -->
<testsuite hostname="LAPTOP-BH9IM1PN" failures="0" tests="2" name="test.testcase2" time="20.943" errors="0" timestamp="2023-11-27T07:28:06 IST" skipped="0">
  <testcase classname="test.testcase2" name="firefoxBrowserTest1" time="10.126"/>
  <testcase classname="test.testcase2" name="firefoxBrowserTest2" time="10.817"/>
</testsuite> <!-- test.testcase2 -->
